2020-04-25 23:02:32,221 [Worker-3: Loading available Gradle versions] INFO  o.e.b.c.i.u.g.PublishedGradleVersions - Gradle version information cache is up-to-date. Trying to read.
2020-04-29 13:35:33,882 [Worker-18: Importing Maven projects] INFO  o.e.m.c.i.l.LifecycleMappingFactory - Using org.eclipse.m2e.jdt.JarLifecycleMapping lifecycle mapping for MavenProject: org.vanilladb:bench:0.4.0-2020-spring @ /home/ho/nthu/database/assignment/db20-assignment-3/db20-assignment-3/bench/pom.xml.
2020-04-29 13:35:33,909 [Worker-18: Importing Maven projects] INFO  o.e.m.c.i.p.WorkspaceClassifierResolverManager - Resolving P/core-patch: org.vanilladb:core-patch:0.4.0-2020-spring with classifier  to /core-patch/target/classes
2020-04-29 13:35:33,943 [Worker-18: Importing Maven projects] INFO  o.e.m.c.i.l.LifecycleMappingFactory - Using org.eclipse.m2e.jdt.JarLifecycleMapping lifecycle mapping for MavenProject: org.vanilladb:core-patch:0.4.0-2020-spring @ /home/ho/nthu/database/assignment/db20-assignment-3/db20-assignment-3/core-patch/pom.xml.
2020-04-29 13:35:33,971 [Worker-18: Importing Maven projects] INFO  o.e.m.c.i.l.LifecycleMappingFactory - Using org.eclipse.m2e.jdt.JarLifecycleMapping lifecycle mapping for MavenProject: org.vanilladb:bench:0.4.0-2020-spring @ /home/ho/nthu/database/assignment/db20-assignment-3/db20-assignment-3/bench/pom.xml.
2020-04-29 13:35:33,975 [Worker-18: Importing Maven projects] INFO  o.e.m.c.i.p.WorkspaceClassifierResolverManager - Resolving P/core-patch: org.vanilladb:core-patch:0.4.0-2020-spring with classifier  to /core-patch/target/classes
2020-04-29 13:35:34,271 [Worker-18: Importing Maven projects] INFO  o.e.m.j.i.AbstractJavaProjectConfigurator - Adding source folder /core-patch/src/main/java
2020-04-29 13:35:34,273 [Worker-18: Importing Maven projects] INFO  o.e.m.j.i.AbstractJavaProjectConfigurator - Adding resource folder /core-patch/src/main/resources
2020-04-29 13:35:34,274 [Worker-18: Importing Maven projects] INFO  o.e.m.j.i.AbstractJavaProjectConfigurator - Adding source folder /core-patch/src/test/java
2020-04-29 13:35:34,553 [Worker-18: Importing Maven projects] INFO  o.e.m.j.i.AbstractJavaProjectConfigurator - Adding source folder /bench/src/main/java
2020-04-29 13:35:34,554 [Worker-18: Importing Maven projects] INFO  o.e.m.j.i.AbstractJavaProjectConfigurator - Adding resource folder /bench/src/main/resources
2020-04-29 13:35:34,555 [Worker-18: Importing Maven projects] INFO  o.e.m.j.i.AbstractJavaProjectConfigurator - Adding source folder /bench/src/test/java
2020-04-29 13:35:34,577 [Worker-18: Importing Maven projects] INFO  o.e.m.c.i.p.ProjectConfigurationManager - Imported and configured 2 project(s) in 1 sec
2020-04-29 13:35:38,515 [Worker-4: Building] WARN  o.e.m.c.i.embedder.EclipseLogger - Using platform encoding (UTF-8 actually) to copy filtered resources, i.e. build is platform dependent!
2020-04-29 13:35:38,533 [Worker-4: Building] INFO  o.e.m.c.i.embedder.EclipseLogger - Copying 2 resources
2020-04-29 13:35:38,604 [Worker-4: Building] WARN  o.e.m.c.i.embedder.EclipseLogger - Using platform encoding (UTF-8 actually) to copy filtered resources, i.e. build is platform dependent!
2020-04-29 13:35:38,606 [Worker-4: Building] INFO  o.e.m.c.i.embedder.EclipseLogger - skip non existing resourceDirectory /home/ho/nthu/database/assignment/db20-assignment-3/db20-assignment-3/core-patch/src/test/resources
2020-04-29 13:35:39,573 [Worker-4: Building] INFO  o.e.m.c.i.p.WorkspaceClassifierResolverManager - Resolving P/core-patch: org.vanilladb:core-patch:0.4.0-2020-spring with classifier  to /core-patch/target/classes
2020-04-29 13:35:39,583 [Worker-4: Building] WARN  o.e.m.c.i.embedder.EclipseLogger - Using platform encoding (UTF-8 actually) to copy filtered resources, i.e. build is platform dependent!
2020-04-29 13:35:39,586 [Worker-4: Building] INFO  o.e.m.c.i.embedder.EclipseLogger - Copying 3 resources
2020-04-29 13:35:39,591 [Worker-4: Building] WARN  o.e.m.c.i.embedder.EclipseLogger - Using platform encoding (UTF-8 actually) to copy filtered resources, i.e. build is platform dependent!
2020-04-29 13:35:39,591 [Worker-4: Building] INFO  o.e.m.c.i.embedder.EclipseLogger - skip non existing resourceDirectory /home/ho/nthu/database/assignment/db20-assignment-3/db20-assignment-3/bench/src/test/resources
2020-04-29 13:35:53,414 [Worker-6: Building] WARN  o.e.m.c.i.embedder.EclipseLogger - Using platform encoding (UTF-8 actually) to copy filtered resources, i.e. build is platform dependent!
2020-04-29 13:35:53,416 [Worker-6: Building] INFO  o.e.m.c.i.embedder.EclipseLogger - Copying 0 resource
2020-04-29 13:35:53,418 [Worker-6: Building] WARN  o.e.m.c.i.embedder.EclipseLogger - Using platform encoding (UTF-8 actually) to copy filtered resources, i.e. build is platform dependent!
2020-04-29 13:35:53,419 [Worker-6: Building] INFO  o.e.m.c.i.embedder.EclipseLogger - skip non existing resourceDirectory /home/ho/nthu/database/assignment/db20-assignment-3/db20-assignment-3/core-patch/src/test/resources
2020-04-29 13:35:53,427 [Worker-6: Building] WARN  o.e.m.c.i.embedder.EclipseLogger - Using platform encoding (UTF-8 actually) to copy filtered resources, i.e. build is platform dependent!
2020-04-29 13:35:53,427 [Worker-6: Building] INFO  o.e.m.c.i.embedder.EclipseLogger - Copying 0 resource
2020-04-29 13:35:53,429 [Worker-6: Building] WARN  o.e.m.c.i.embedder.EclipseLogger - Using platform encoding (UTF-8 actually) to copy filtered resources, i.e. build is platform dependent!
2020-04-29 13:35:53,430 [Worker-6: Building] INFO  o.e.m.c.i.embedder.EclipseLogger - skip non existing resourceDirectory /home/ho/nthu/database/assignment/db20-assignment-3/db20-assignment-3/bench/src/test/resources
